2021-04-03 09:07:47.459 - INFO - 3460 - azureml.train.automl._local_managed_utils.is_docker_installed:354 - Docker is installed with Docker version 20.10.5, build 55c4c88
.
2021-04-03 09:07:47.459 - INFO - 3460 - azureml.train.automl.automlconfig._start_execution:217 - Submitting remote.
2021-04-03 09:41:28.500 - INFO - 3460 - azureml.train.automl.run._log_activity:55 - ActivityStarted: GetOutput
2021-04-03 09:41:28.525 - INFO - 3460 - azureml.train.automl.run._log_activity:55 - ActivityStarted: GetOutput
2021-04-03 09:41:28.548 - INFO - 3460 - azureml.train.automl.run._log_activity:55 - ActivityStarted: GetChildren
2021-04-03 09:41:31.281 - INFO - 3460 - azureml.train.automl.run._log_activity:89 - ActivityCompleted: Activity=GetChildren, HowEnded=Success, Duration=2732.94[ms]
2021-04-03 09:41:32.426 - INFO - 3460 - azureml.train.automl.run._log_activity:89 - ActivityCompleted: Activity=GetOutput, HowEnded=Success, Duration=3900.96[ms]
2021-04-03 09:41:32.427 - INFO - 3460 - azureml.train.automl._model_download_utilities._log_activity:55 - ActivityStarted: DownloadModel
2021-04-03 09:41:40.265 - CRITICAL - 3460 - azureml.train.automl._model_download_utilities.log_traceback:227 - Type: Unclassified
Class: ModuleNotFoundError
Message: No module named 'azureml.train.automl.runtime'
Traceback:
  File "_model_download_utilities.py", line 174, in _load_automl_model
    import azureml.train.automl.runtime

ExceptionTarget: Unspecified
2021-04-03 09:41:40.287 - WARNING - 3460 - azureml.train.automl._model_download_utilities._download_automl_model:101 - The model you attempted to retrieve requires 'azureml-train-automl-runtime' to be installed at '==1.25.0'. Please install 'azureml-train-automl-runtime==1.25.0' (e.g. `pip install azureml-train-automl-runtime==1.25.0`) and then rerun the previous command.
2021-04-03 09:41:40.288 - INFO - 3460 - azureml.train.automl._model_download_utilities._log_activity:89 - ActivityCompleted: Activity=DownloadModel, HowEnded=Success, Duration=7861.02[ms]
2021-04-03 09:41:40.288 - INFO - 3460 - azureml.train.automl.run._log_activity:89 - ActivityCompleted: Activity=GetOutput, HowEnded=Success, Duration=11787.95[ms]
2021-04-03 11:25:16.753 - INFO - 3460 - azureml.train.automl.run._log_activity:55 - ActivityStarted: GetOutput
2021-04-03 11:25:16.779 - INFO - 3460 - azureml.train.automl.run._log_activity:55 - ActivityStarted: GetOutput
2021-04-03 11:25:16.803 - INFO - 3460 - azureml.train.automl.run._log_activity:55 - ActivityStarted: GetChildren
2021-04-03 11:25:19.078 - INFO - 3460 - azureml.train.automl.run._log_activity:89 - ActivityCompleted: Activity=GetChildren, HowEnded=Success, Duration=2275.15[ms]
2021-04-03 11:25:20.386 - INFO - 3460 - azureml.train.automl.run._log_activity:89 - ActivityCompleted: Activity=GetOutput, HowEnded=Success, Duration=3606.94[ms]
2021-04-03 11:25:20.386 - INFO - 3460 - azureml.train.automl._model_download_utilities._log_activity:55 - ActivityStarted: DownloadModel
2021-04-03 11:25:26.809 - CRITICAL - 3460 - azureml.train.automl._model_download_utilities.log_traceback:227 - Type: Unclassified
Class: ModuleNotFoundError
Message: No module named 'azureml.train.automl.runtime'
Traceback:
  File "_model_download_utilities.py", line 174, in _load_automl_model
    import azureml.train.automl.runtime

ExceptionTarget: Unspecified
2021-04-03 11:25:26.832 - WARNING - 3460 - azureml.train.automl._model_download_utilities._download_automl_model:101 - The model you attempted to retrieve requires 'azureml-train-automl-runtime' to be installed at '==1.25.0'. Please install 'azureml-train-automl-runtime==1.25.0' (e.g. `pip install azureml-train-automl-runtime==1.25.0`) and then rerun the previous command.
2021-04-03 11:25:26.833 - INFO - 3460 - azureml.train.automl._model_download_utilities._log_activity:89 - ActivityCompleted: Activity=DownloadModel, HowEnded=Success, Duration=6447.37[ms]
2021-04-03 11:25:26.833 - INFO - 3460 - azureml.train.automl.run._log_activity:89 - ActivityCompleted: Activity=GetOutput, HowEnded=Success, Duration=10080.3[ms]
2021-04-03 16:28:25.086 - INFO - 15680 - azureml.train.automl._local_managed_utils.is_docker_installed:354 - Docker is installed with Docker version 20.10.5, build 55c4c88
.
2021-04-03 16:28:25.087 - INFO - 15680 - azureml.train.automl.automlconfig._start_execution:217 - Submitting remote.
2021-04-03 16:53:53.549 - INFO - 15680 - azureml.train.automl.run._log_activity:55 - ActivityStarted: GetOutput
2021-04-03 16:53:53.576 - INFO - 15680 - azureml.train.automl.run._log_activity:55 - ActivityStarted: GetOutput
2021-04-03 16:53:53.600 - INFO - 15680 - azureml.train.automl.run._log_activity:55 - ActivityStarted: GetChildren
2021-04-03 16:53:54.099 - INFO - 15680 - azureml.train.automl.run._log_activity:89 - ActivityCompleted: Activity=GetChildren, HowEnded=Success, Duration=498.38[ms]
2021-04-03 16:53:54.371 - INFO - 15680 - azureml.train.automl.run._log_activity:89 - ActivityCompleted: Activity=GetOutput, HowEnded=Success, Duration=794.22[ms]
2021-04-03 16:53:54.372 - INFO - 15680 - azureml.train.automl._model_download_utilities._log_activity:55 - ActivityStarted: DownloadModel
2021-04-03 16:53:57.125 - CRITICAL - 15680 - azureml.train.automl._model_download_utilities.log_traceback:227 - Type: Unclassified
Class: ModuleNotFoundError
Message: No module named 'azureml.train.automl.runtime'
Traceback:
  File "_model_download_utilities.py", line 174, in _load_automl_model
    import azureml.train.automl.runtime

ExceptionTarget: Unspecified
2021-04-03 16:53:57.146 - WARNING - 15680 - azureml.train.automl._model_download_utilities._download_automl_model:101 - The model you attempted to retrieve requires 'azureml-train-automl-runtime' to be installed at '==1.24.0'. Please install 'azureml-train-automl-runtime==1.24.0' (e.g. `pip install azureml-train-automl-runtime==1.24.0`) and then rerun the previous command.
2021-04-03 16:53:57.146 - INFO - 15680 - azureml.train.automl._model_download_utilities._log_activity:89 - ActivityCompleted: Activity=DownloadModel, HowEnded=Success, Duration=2774.95[ms]
2021-04-03 16:53:57.146 - INFO - 15680 - azureml.train.automl.run._log_activity:89 - ActivityCompleted: Activity=GetOutput, HowEnded=Success, Duration=3597.23[ms]
